Content-Type: multipart/alternative;
 boundary="===============1201717420757790759=="
MIME-Version: 1.0
Subject: Your username
From: test@example.com
To: rabilu12@gmail.com
Date: Fri, 03 Sep 2021 14:50:38 -0000
Message-ID: <163068063856.13160.13091534731470821287@Rabil>

--===============1201717420757790759==
Content-Type: text/plain; charset="utf-8"
MIME-Version: 1.0
Content-Transfer-Encoding: 7bit



Your username is:

rabilu

--===============1201717420757790759==
Content-Type: text/html; charset="utf-8"
MIME-Version: 1.0
Content-Transfer-Encoding: 7bit



<!DOCTYPE html PUBLIC "-//W3C//DTD XHTML 1.0 Transitional//EN"
        "http://www.w3.org/TR/xhtml1/DTD/xhtml1-transitional.dtd">
<html xmlns="http://www.w3.org/1999/xhtml">
<head>
    <meta http-equiv="Content-Type" content="text/html; charset=UTF-8"/>
    <title>Your username</title>
    <meta name="viewport" content="width=device-width, initial-scale=1.0"/>
</head>

<body>

<p>
    Your username is:
</p>

<p>
    rabilu
</p>

</body>

</html>

--===============1201717420757790759==--

-------------------------------------------------------------------------------
