Content-Type: multipart/alternative;
 boundary="===============6173164291726175424=="
MIME-Version: 1.0
Subject: Your username
From: test@example.com
To: rabil@gmail.com
Date: Tue, 19 Oct 2021 00:22:50 -0000
Message-ID: <163460297041.7516.17982206305048533611@Rabil>

--===============6173164291726175424==
Content-Type: text/plain; charset="utf-8"
MIME-Version: 1.0
Content-Transfer-Encoding: 7bit



Your username is:

rabil

--===============6173164291726175424==
Content-Type: text/html; charset="utf-8"
MIME-Version: 1.0
Content-Transfer-Encoding: 7bit



<!DOCTYPE html PUBLIC "-//W3C//DTD XHTML 1.0 Transitional//EN"
        "http://www.w3.org/TR/xhtml1/DTD/xhtml1-transitional.dtd">
<html xmlns="http://www.w3.org/1999/xhtml">
<head>
    <meta http-equiv="Content-Type" content="text/html; charset=UTF-8"/>
    <title>Your username</title>
    <meta name="viewport" content="width=device-width, initial-scale=1.0"/>
</head>

<body>

<p>
    Your username is:
</p>

<p>
    rabil
</p>

</body>

</html>

--===============6173164291726175424==--

-------------------------------------------------------------------------------
