Content-Type: multipart/alternative;
 boundary="===============8487112861962400700=="
MIME-Version: 1.0
Subject: Profile activation
From: test@example.com
To: stevenabiar@gmail.com
Date: Thu, 02 Sep 2021 10:44:34 -0000
Message-ID: <163057947499.17468.14186351488264486803@Rabil>

--===============8487112861962400700==
Content-Type: text/plain; charset="utf-8"
MIME-Version: 1.0
Content-Transfer-Encoding: 7bit



To activate your profile, please follow this link:

http://127.0.0.1:8000/user/activate/xSRn0LpbhGsYpkIgrcLK/

--===============8487112861962400700==
Content-Type: text/html; charset="utf-8"
MIME-Version: 1.0
Content-Transfer-Encoding: 7bit



<!DOCTYPE html PUBLIC "-//W3C//DTD XHTML 1.0 Transitional//EN"
        "http://www.w3.org/TR/xhtml1/DTD/xhtml1-transitional.dtd">
<html xmlns="http://www.w3.org/1999/xhtml">
<head>
    <meta http-equiv="Content-Type" content="text/html; charset=UTF-8"/>
    <title>Profile activation</title>
    <meta name="viewport" content="width=device-width, initial-scale=1.0"/>
</head>

<body>

<p>
    To activate your profile, please follow this link:
</p>

<p>
    <a href="http://127.0.0.1:8000/user/activate/xSRn0LpbhGsYpkIgrcLK/">http://127.0.0.1:8000/user/activate/xSRn0LpbhGsYpkIgrcLK/</a>
</p>

</body>

</html>

--===============8487112861962400700==--

-------------------------------------------------------------------------------
