Content-Type: multipart/alternative;
 boundary="===============6105261683403522913=="
MIME-Version: 1.0
Subject: Profile activation
From: test@example.com
To: sani@gmail.com
Date: Wed, 06 Oct 2021 16:49:00 -0000
Message-ID: <163353894039.3884.8445790180116247105@Rabil>

--===============6105261683403522913==
Content-Type: text/plain; charset="utf-8"
MIME-Version: 1.0
Content-Transfer-Encoding: 7bit



To activate your profile, please follow this link:

http://127.0.0.1:8000/user/activate/LDPuL1BH077JV1icYmWI/

--===============6105261683403522913==
Content-Type: text/html; charset="utf-8"
MIME-Version: 1.0
Content-Transfer-Encoding: 7bit



<!DOCTYPE html PUBLIC "-//W3C//DTD XHTML 1.0 Transitional//EN"
        "http://www.w3.org/TR/xhtml1/DTD/xhtml1-transitional.dtd">
<html xmlns="http://www.w3.org/1999/xhtml">
<head>
    <meta http-equiv="Content-Type" content="text/html; charset=UTF-8"/>
    <title>Profile activation</title>
    <meta name="viewport" content="width=device-width, initial-scale=1.0"/>
</head>

<body>

<p>
    To activate your profile, please follow this link:
</p>

<p>
    <a href="http://127.0.0.1:8000/user/activate/LDPuL1BH077JV1icYmWI/">http://127.0.0.1:8000/user/activate/LDPuL1BH077JV1icYmWI/</a>
</p>

</body>

</html>

--===============6105261683403522913==--

-------------------------------------------------------------------------------
