Content-Type: multipart/alternative;
 boundary="===============8773861722265210575=="
MIME-Version: 1.0
Subject: Your username
From: test@example.com
To: rabilu12@gmail.com
Date: Fri, 03 Sep 2021 06:51:13 -0000
Message-ID: <163065187312.12164.11294194428056793402@Rabil>

--===============8773861722265210575==
Content-Type: text/plain; charset="utf-8"
MIME-Version: 1.0
Content-Transfer-Encoding: 7bit



Your username is:

rabilu

--===============8773861722265210575==
Content-Type: text/html; charset="utf-8"
MIME-Version: 1.0
Content-Transfer-Encoding: 7bit



<!DOCTYPE html PUBLIC "-//W3C//DTD XHTML 1.0 Transitional//EN"
        "http://www.w3.org/TR/xhtml1/DTD/xhtml1-transitional.dtd">
<html xmlns="http://www.w3.org/1999/xhtml">
<head>
    <meta http-equiv="Content-Type" content="text/html; charset=UTF-8"/>
    <title>Your username</title>
    <meta name="viewport" content="width=device-width, initial-scale=1.0"/>
</head>

<body>

<p>
    Your username is:
</p>

<p>
    rabilu
</p>

</body>

</html>

--===============8773861722265210575==--

-------------------------------------------------------------------------------
