Content-Type: multipart/alternative;
 boundary="===============1345725935257725547=="
MIME-Version: 1.0
Subject: Your username
From: test@example.com
To: rabilu12@gmail.com
Date: Sun, 05 Sep 2021 16:18:02 -0000
Message-ID: <163085868268.13472.6296760845588228917@Rabil>

--===============1345725935257725547==
Content-Type: text/plain; charset="utf-8"
MIME-Version: 1.0
Content-Transfer-Encoding: 7bit



Your username is:

rabilu

--===============1345725935257725547==
Content-Type: text/html; charset="utf-8"
MIME-Version: 1.0
Content-Transfer-Encoding: 7bit



<!DOCTYPE html PUBLIC "-//W3C//DTD XHTML 1.0 Transitional//EN"
        "http://www.w3.org/TR/xhtml1/DTD/xhtml1-transitional.dtd">
<html xmlns="http://www.w3.org/1999/xhtml">
<head>
    <meta http-equiv="Content-Type" content="text/html; charset=UTF-8"/>
    <title>Your username</title>
    <meta name="viewport" content="width=device-width, initial-scale=1.0"/>
</head>

<body>

<p>
    Your username is:
</p>

<p>
    rabilu
</p>

</body>

</html>

--===============1345725935257725547==--

-------------------------------------------------------------------------------
