Content-Type: multipart/alternative;
 boundary="===============2504990307027697696=="
MIME-Version: 1.0
Subject: Restore password
From: test@example.com
To: rabil@gmail.com
Date: Tue, 19 Oct 2021 00:45:32 -0000
Message-ID: <163460433216.7516.14598967847699965917@Rabil>

--===============2504990307027697696==
Content-Type: text/plain; charset="utf-8"
MIME-Version: 1.0
Content-Transfer-Encoding: 7bit



You received this email because you requested a password reset for your user account.

Please, go to the following page and choose a new password:

http://127.0.0.1:8000/user/restore/Mg/auqsvw-0b4b2e1cde4268e6538575333a9e3b57/

--===============2504990307027697696==
Content-Type: text/html; charset="utf-8"
MIME-Version: 1.0
Content-Transfer-Encoding: 7bit



<!DOCTYPE html PUBLIC "-//W3C//DTD XHTML 1.0 Transitional//EN"
        "http://www.w3.org/TR/xhtml1/DTD/xhtml1-transitional.dtd">
<html xmlns="http://www.w3.org/1999/xhtml">
<head>
    <meta http-equiv="Content-Type" content="text/html; charset=UTF-8"/>
    <title>Restore password</title>
    <meta name="viewport" content="width=device-width, initial-scale=1.0"/>
</head>

<body>

<p>
    You received this email because you requested a password reset for your user account.
</p>

<p>
    Please, go to the following page and choose a new password:
</p>

<p>
    <a href="http://127.0.0.1:8000/user/restore/Mg/auqsvw-0b4b2e1cde4268e6538575333a9e3b57/">http://127.0.0.1:8000/user/restore/Mg/auqsvw-0b4b2e1cde4268e6538575333a9e3b57/</a>
</p>

</body>

</html>

--===============2504990307027697696==--

-------------------------------------------------------------------------------
