Content-Type: multipart/alternative;
 boundary="===============8639639202495020158=="
MIME-Version: 1.0
Subject: Profile activation
From: test@example.com
To: saddiku@gmail.com
Date: Fri, 03 Sep 2021 23:06:01 -0000
Message-ID: <163071036134.11788.13472355918322552620@Rabil>

--===============8639639202495020158==
Content-Type: text/plain; charset="utf-8"
MIME-Version: 1.0
Content-Transfer-Encoding: 7bit



To activate your profile, please follow this link:

http://127.0.0.1:8000/user/activate/9D4b6kPhmPRIUEyJkuaB/

--===============8639639202495020158==
Content-Type: text/html; charset="utf-8"
MIME-Version: 1.0
Content-Transfer-Encoding: 7bit



<!DOCTYPE html PUBLIC "-//W3C//DTD XHTML 1.0 Transitional//EN"
        "http://www.w3.org/TR/xhtml1/DTD/xhtml1-transitional.dtd">
<html xmlns="http://www.w3.org/1999/xhtml">
<head>
    <meta http-equiv="Content-Type" content="text/html; charset=UTF-8"/>
    <title>Profile activation</title>
    <meta name="viewport" content="width=device-width, initial-scale=1.0"/>
</head>

<body>

<p>
    To activate your profile, please follow this link:
</p>

<p>
    <a href="http://127.0.0.1:8000/user/activate/9D4b6kPhmPRIUEyJkuaB/">http://127.0.0.1:8000/user/activate/9D4b6kPhmPRIUEyJkuaB/</a>
</p>

</body>

</html>

--===============8639639202495020158==--

-------------------------------------------------------------------------------
