Content-Type: multipart/alternative;
 boundary="===============0942199814432220744=="
MIME-Version: 1.0
Subject: Profile activation
From: test@example.com
To: sania@gmail.com
Date: Wed, 06 Oct 2021 17:04:03 -0000
Message-ID: <163353984331.1848.15339987522272607790@Rabil>

--===============0942199814432220744==
Content-Type: text/plain; charset="utf-8"
MIME-Version: 1.0
Content-Transfer-Encoding: 7bit



To activate your profile, please follow this link:

http://127.0.0.1:8000/user/activate/wZlTTf891GhHETtzttjB/

--===============0942199814432220744==
Content-Type: text/html; charset="utf-8"
MIME-Version: 1.0
Content-Transfer-Encoding: 7bit



<!DOCTYPE html PUBLIC "-//W3C//DTD XHTML 1.0 Transitional//EN"
        "http://www.w3.org/TR/xhtml1/DTD/xhtml1-transitional.dtd">
<html xmlns="http://www.w3.org/1999/xhtml">
<head>
    <meta http-equiv="Content-Type" content="text/html; charset=UTF-8"/>
    <title>Profile activation</title>
    <meta name="viewport" content="width=device-width, initial-scale=1.0"/>
</head>

<body>

<p>
    To activate your profile, please follow this link:
</p>

<p>
    <a href="http://127.0.0.1:8000/user/activate/wZlTTf891GhHETtzttjB/">http://127.0.0.1:8000/user/activate/wZlTTf891GhHETtzttjB/</a>
</p>

</body>

</html>

--===============0942199814432220744==--

-------------------------------------------------------------------------------
