Content-Type: multipart/alternative;
 boundary="===============6015088376270411155=="
MIME-Version: 1.0
Subject: Restore password
From: test@example.com
To: rabil@gmail.com
Date: Tue, 19 Oct 2021 00:39:13 -0000
Message-ID: <163460395352.7516.7477385421372802313@Rabil>

--===============6015088376270411155==
Content-Type: text/plain; charset="utf-8"
MIME-Version: 1.0
Content-Transfer-Encoding: 7bit



You received this email because you requested a password reset for your user account.

Please, go to the following page and choose a new password:

http://127.0.0.1:8000/user/restore/Mg/auqsld-2581e0fe65c6021dbf0f20cbec2f263a/

--===============6015088376270411155==
Content-Type: text/html; charset="utf-8"
MIME-Version: 1.0
Content-Transfer-Encoding: 7bit



<!DOCTYPE html PUBLIC "-//W3C//DTD XHTML 1.0 Transitional//EN"
        "http://www.w3.org/TR/xhtml1/DTD/xhtml1-transitional.dtd">
<html xmlns="http://www.w3.org/1999/xhtml">
<head>
    <meta http-equiv="Content-Type" content="text/html; charset=UTF-8"/>
    <title>Restore password</title>
    <meta name="viewport" content="width=device-width, initial-scale=1.0"/>
</head>

<body>

<p>
    You received this email because you requested a password reset for your user account.
</p>

<p>
    Please, go to the following page and choose a new password:
</p>

<p>
    <a href="http://127.0.0.1:8000/user/restore/Mg/auqsld-2581e0fe65c6021dbf0f20cbec2f263a/">http://127.0.0.1:8000/user/restore/Mg/auqsld-2581e0fe65c6021dbf0f20cbec2f263a/</a>
</p>

</body>

</html>

--===============6015088376270411155==--

-------------------------------------------------------------------------------
