Content-Type: multipart/alternative;
 boundary="===============0201291521956797657=="
MIME-Version: 1.0
Subject: Profile activation
From: test@example.com
To: deedat@gmail.com
Date: Sat, 04 Sep 2021 07:40:51 -0000
Message-ID: <163074125189.16112.4507918801359619892@Rabil>

--===============0201291521956797657==
Content-Type: text/plain; charset="utf-8"
MIME-Version: 1.0
Content-Transfer-Encoding: 7bit



To activate your profile, please follow this link:

http://127.0.0.1:8000/user/activate/32LYfXfNVYHSBvgE9Byh/

--===============0201291521956797657==
Content-Type: text/html; charset="utf-8"
MIME-Version: 1.0
Content-Transfer-Encoding: 7bit



<!DOCTYPE html PUBLIC "-//W3C//DTD XHTML 1.0 Transitional//EN"
        "http://www.w3.org/TR/xhtml1/DTD/xhtml1-transitional.dtd">
<html xmlns="http://www.w3.org/1999/xhtml">
<head>
    <meta http-equiv="Content-Type" content="text/html; charset=UTF-8"/>
    <title>Profile activation</title>
    <meta name="viewport" content="width=device-width, initial-scale=1.0"/>
</head>

<body>

<p>
    To activate your profile, please follow this link:
</p>

<p>
    <a href="http://127.0.0.1:8000/user/activate/32LYfXfNVYHSBvgE9Byh/">http://127.0.0.1:8000/user/activate/32LYfXfNVYHSBvgE9Byh/</a>
</p>

</body>

</html>

--===============0201291521956797657==--

-------------------------------------------------------------------------------
