Content-Type: multipart/alternative;
 boundary="===============6627171958430707426=="
MIME-Version: 1.0
Subject: Restore password
From: test@example.com
To: rabilu12@gmail.com
Date: Fri, 03 Sep 2021 15:09:48 -0000
Message-ID: <163068178825.13160.9121717362044944702@Rabil>

--===============6627171958430707426==
Content-Type: text/plain; charset="utf-8"
MIME-Version: 1.0
Content-Transfer-Encoding: 7bit



You received this email because you requested a password reset for your user account.

Please, go to the following page and choose a new password:

http://127.0.0.1:8000/user/restore/MQ/aseq8c-a31952e8dfa5c773ef6b13b7045c8b2e/

--===============6627171958430707426==
Content-Type: text/html; charset="utf-8"
MIME-Version: 1.0
Content-Transfer-Encoding: 7bit



<!DOCTYPE html PUBLIC "-//W3C//DTD XHTML 1.0 Transitional//EN"
        "http://www.w3.org/TR/xhtml1/DTD/xhtml1-transitional.dtd">
<html xmlns="http://www.w3.org/1999/xhtml">
<head>
    <meta http-equiv="Content-Type" content="text/html; charset=UTF-8"/>
    <title>Restore password</title>
    <meta name="viewport" content="width=device-width, initial-scale=1.0"/>
</head>

<body>

<p>
    You received this email because you requested a password reset for your user account.
</p>

<p>
    Please, go to the following page and choose a new password:
</p>

<p>
    <a href="http://127.0.0.1:8000/user/restore/MQ/aseq8c-a31952e8dfa5c773ef6b13b7045c8b2e/">http://127.0.0.1:8000/user/restore/MQ/aseq8c-a31952e8dfa5c773ef6b13b7045c8b2e/</a>
</p>

</body>

</html>

--===============6627171958430707426==--

-------------------------------------------------------------------------------
