Content-Type: multipart/alternative;
 boundary="===============2924949666624247107=="
MIME-Version: 1.0
Subject: Restore password
From: test@example.com
To: rabilu12@gmail.com
Date: Sun, 10 Oct 2021 11:30:56 -0000
Message-ID: <163386545673.13740.10366211322453376977@Rabil>

--===============2924949666624247107==
Content-Type: text/plain; charset="utf-8"
MIME-Version: 1.0
Content-Transfer-Encoding: 7bit



You received this email because you requested a password reset for your user account.

Please, go to the following page and choose a new password:

http://127.0.0.1:8000/user/restore/MQ/auayrk-04c47d6e2a9a7f5f8c6435497117384a/

--===============2924949666624247107==
Content-Type: text/html; charset="utf-8"
MIME-Version: 1.0
Content-Transfer-Encoding: 7bit



<!DOCTYPE html PUBLIC "-//W3C//DTD XHTML 1.0 Transitional//EN"
        "http://www.w3.org/TR/xhtml1/DTD/xhtml1-transitional.dtd">
<html xmlns="http://www.w3.org/1999/xhtml">
<head>
    <meta http-equiv="Content-Type" content="text/html; charset=UTF-8"/>
    <title>Restore password</title>
    <meta name="viewport" content="width=device-width, initial-scale=1.0"/>
</head>

<body>

<p>
    You received this email because you requested a password reset for your user account.
</p>

<p>
    Please, go to the following page and choose a new password:
</p>

<p>
    <a href="http://127.0.0.1:8000/user/restore/MQ/auayrk-04c47d6e2a9a7f5f8c6435497117384a/">http://127.0.0.1:8000/user/restore/MQ/auayrk-04c47d6e2a9a7f5f8c6435497117384a/</a>
</p>

</body>

</html>

--===============2924949666624247107==--

-------------------------------------------------------------------------------
