Content-Type: multipart/alternative;
 boundary="===============4925728767927243708=="
MIME-Version: 1.0
Subject: Restore password
From: test@example.com
To: rabilu12@gmail.com
Date: Thu, 02 Sep 2021 16:01:52 -0000
Message-ID: <163059851240.1468.7835872858003446518@Rabil>

--===============4925728767927243708==
Content-Type: text/plain; charset="utf-8"
MIME-Version: 1.0
Content-Transfer-Encoding: 7bit



You received this email because you requested a password reset for your user account.

Please, go to the following page and choose a new password:

http://127.0.0.1:8000/user/restore/MQ/ascxz4-a8b230cfa253aed09010bc57ae7b610f/

--===============4925728767927243708==
Content-Type: text/html; charset="utf-8"
MIME-Version: 1.0
Content-Transfer-Encoding: 7bit



<!DOCTYPE html PUBLIC "-//W3C//DTD XHTML 1.0 Transitional//EN"
        "http://www.w3.org/TR/xhtml1/DTD/xhtml1-transitional.dtd">
<html xmlns="http://www.w3.org/1999/xhtml">
<head>
    <meta http-equiv="Content-Type" content="text/html; charset=UTF-8"/>
    <title>Restore password</title>
    <meta name="viewport" content="width=device-width, initial-scale=1.0"/>
</head>

<body>

<p>
    You received this email because you requested a password reset for your user account.
</p>

<p>
    Please, go to the following page and choose a new password:
</p>

<p>
    <a href="http://127.0.0.1:8000/user/restore/MQ/ascxz4-a8b230cfa253aed09010bc57ae7b610f/">http://127.0.0.1:8000/user/restore/MQ/ascxz4-a8b230cfa253aed09010bc57ae7b610f/</a>
</p>

</body>

</html>

--===============4925728767927243708==--

-------------------------------------------------------------------------------
