Content-Type: multipart/alternative;
 boundary="===============2055027226175711215=="
MIME-Version: 1.0
Subject: Your username
From: test@example.com
To: rabilu12@gmail.com
Date: Thu, 02 Sep 2021 11:46:35 -0000
Message-ID: <163058319583.17140.12064248815120322160@Rabil>

--===============2055027226175711215==
Content-Type: text/plain; charset="utf-8"
MIME-Version: 1.0
Content-Transfer-Encoding: 7bit



Your username is:

rabilu

--===============2055027226175711215==
Content-Type: text/html; charset="utf-8"
MIME-Version: 1.0
Content-Transfer-Encoding: 7bit



<!DOCTYPE html PUBLIC "-//W3C//DTD XHTML 1.0 Transitional//EN"
        "http://www.w3.org/TR/xhtml1/DTD/xhtml1-transitional.dtd">
<html xmlns="http://www.w3.org/1999/xhtml">
<head>
    <meta http-equiv="Content-Type" content="text/html; charset=UTF-8"/>
    <title>Your username</title>
    <meta name="viewport" content="width=device-width, initial-scale=1.0"/>
</head>

<body>

<p>
    Your username is:
</p>

<p>
    rabilu
</p>

</body>

</html>

--===============2055027226175711215==--

-------------------------------------------------------------------------------
