Content-Type: multipart/alternative;
 boundary="===============8770596297660108656=="
MIME-Version: 1.0
Subject: Profile activation
From: test@example.com
To: Alkassikm@gmail.com
Date: Fri, 03 Sep 2021 07:14:35 -0000
Message-ID: <163065327577.5992.10729716189776164740@Rabil>

--===============8770596297660108656==
Content-Type: text/plain; charset="utf-8"
MIME-Version: 1.0
Content-Transfer-Encoding: 7bit



To activate your profile, please follow this link:

http://127.0.0.1:8000/user/activate/BkeC0Kas73lp4kynoD9Y/

--===============8770596297660108656==
Content-Type: text/html; charset="utf-8"
MIME-Version: 1.0
Content-Transfer-Encoding: 7bit



<!DOCTYPE html PUBLIC "-//W3C//DTD XHTML 1.0 Transitional//EN"
        "http://www.w3.org/TR/xhtml1/DTD/xhtml1-transitional.dtd">
<html xmlns="http://www.w3.org/1999/xhtml">
<head>
    <meta http-equiv="Content-Type" content="text/html; charset=UTF-8"/>
    <title>Profile activation</title>
    <meta name="viewport" content="width=device-width, initial-scale=1.0"/>
</head>

<body>

<p>
    To activate your profile, please follow this link:
</p>

<p>
    <a href="http://127.0.0.1:8000/user/activate/BkeC0Kas73lp4kynoD9Y/">http://127.0.0.1:8000/user/activate/BkeC0Kas73lp4kynoD9Y/</a>
</p>

</body>

</html>

--===============8770596297660108656==--

-------------------------------------------------------------------------------
