Content-Type: multipart/alternative;
 boundary="===============1309951498844092644=="
MIME-Version: 1.0
Subject: Profile activation
From: test@example.com
To: foyl@gmail.com
Date: Fri, 03 Sep 2021 07:10:52 -0000
Message-ID: <163065305237.568.15623401028548296655@Rabil>

--===============1309951498844092644==
Content-Type: text/plain; charset="utf-8"
MIME-Version: 1.0
Content-Transfer-Encoding: 7bit



To activate your profile, please follow this link:

http://127.0.0.1:8000/user/activate/mcYbLUdKcDqpXeVKAEF5/

--===============1309951498844092644==
Content-Type: text/html; charset="utf-8"
MIME-Version: 1.0
Content-Transfer-Encoding: 7bit



<!DOCTYPE html PUBLIC "-//W3C//DTD XHTML 1.0 Transitional//EN"
        "http://www.w3.org/TR/xhtml1/DTD/xhtml1-transitional.dtd">
<html xmlns="http://www.w3.org/1999/xhtml">
<head>
    <meta http-equiv="Content-Type" content="text/html; charset=UTF-8"/>
    <title>Profile activation</title>
    <meta name="viewport" content="width=device-width, initial-scale=1.0"/>
</head>

<body>

<p>
    To activate your profile, please follow this link:
</p>

<p>
    <a href="http://127.0.0.1:8000/user/activate/mcYbLUdKcDqpXeVKAEF5/">http://127.0.0.1:8000/user/activate/mcYbLUdKcDqpXeVKAEF5/</a>
</p>

</body>

</html>

--===============1309951498844092644==--

-------------------------------------------------------------------------------
