Content-Type: multipart/alternative;
 boundary="===============5462748562956213700=="
MIME-Version: 1.0
Subject: Profile activation
From: test@example.com
To: rabilu12@gmail.com
Date: Fri, 15 Oct 2021 12:28:59 -0000
Message-ID: <163430093912.2956.11641883031205282297@Rabil>

--===============5462748562956213700==
Content-Type: text/plain; charset="utf-8"
MIME-Version: 1.0
Content-Transfer-Encoding: 7bit



To activate your profile, please follow this link:

http://127.0.0.1:8000/user/activate/OHIwQokvVOpcu0WfKhYW/

--===============5462748562956213700==
Content-Type: text/html; charset="utf-8"
MIME-Version: 1.0
Content-Transfer-Encoding: 7bit



<!DOCTYPE html PUBLIC "-//W3C//DTD XHTML 1.0 Transitional//EN"
        "http://www.w3.org/TR/xhtml1/DTD/xhtml1-transitional.dtd">
<html xmlns="http://www.w3.org/1999/xhtml">
<head>
    <meta http-equiv="Content-Type" content="text/html; charset=UTF-8"/>
    <title>Profile activation</title>
    <meta name="viewport" content="width=device-width, initial-scale=1.0"/>
</head>

<body>

<p>
    To activate your profile, please follow this link:
</p>

<p>
    <a href="http://127.0.0.1:8000/user/activate/OHIwQokvVOpcu0WfKhYW/">http://127.0.0.1:8000/user/activate/OHIwQokvVOpcu0WfKhYW/</a>
</p>

</body>

</html>

--===============5462748562956213700==--

-------------------------------------------------------------------------------
