Content-Type: multipart/alternative;
 boundary="===============3814360765992190738=="
MIME-Version: 1.0
Subject: Profile activation
From: test@example.com
To: saddi@gmail.com
Date: Fri, 03 Sep 2021 23:08:55 -0000
Message-ID: <163071053560.11788.8269751044647820610@Rabil>

--===============3814360765992190738==
Content-Type: text/plain; charset="utf-8"
MIME-Version: 1.0
Content-Transfer-Encoding: 7bit



To activate your profile, please follow this link:

http://127.0.0.1:8000/user/activate/taMQLHr8qP8OSU05N5fw/

--===============3814360765992190738==
Content-Type: text/html; charset="utf-8"
MIME-Version: 1.0
Content-Transfer-Encoding: 7bit



<!DOCTYPE html PUBLIC "-//W3C//DTD XHTML 1.0 Transitional//EN"
        "http://www.w3.org/TR/xhtml1/DTD/xhtml1-transitional.dtd">
<html xmlns="http://www.w3.org/1999/xhtml">
<head>
    <meta http-equiv="Content-Type" content="text/html; charset=UTF-8"/>
    <title>Profile activation</title>
    <meta name="viewport" content="width=device-width, initial-scale=1.0"/>
</head>

<body>

<p>
    To activate your profile, please follow this link:
</p>

<p>
    <a href="http://127.0.0.1:8000/user/activate/taMQLHr8qP8OSU05N5fw/">http://127.0.0.1:8000/user/activate/taMQLHr8qP8OSU05N5fw/</a>
</p>

</body>

</html>

--===============3814360765992190738==--

-------------------------------------------------------------------------------
