Content-Type: multipart/alternative;
 boundary="===============8054921630940444960=="
MIME-Version: 1.0
Subject: Profile activation
From: test@example.com
To: samira@gmail.com
Date: Thu, 07 Oct 2021 09:07:04 -0000
Message-ID: <163359762496.4908.10044199082144569792@Rabil>

--===============8054921630940444960==
Content-Type: text/plain; charset="utf-8"
MIME-Version: 1.0
Content-Transfer-Encoding: 7bit



To activate your profile, please follow this link:

http://127.0.0.1:8000/user/activate/3Q7mFYSY24rtoTyq5aGD/

--===============8054921630940444960==
Content-Type: text/html; charset="utf-8"
MIME-Version: 1.0
Content-Transfer-Encoding: 7bit



<!DOCTYPE html PUBLIC "-//W3C//DTD XHTML 1.0 Transitional//EN"
        "http://www.w3.org/TR/xhtml1/DTD/xhtml1-transitional.dtd">
<html xmlns="http://www.w3.org/1999/xhtml">
<head>
    <meta http-equiv="Content-Type" content="text/html; charset=UTF-8"/>
    <title>Profile activation</title>
    <meta name="viewport" content="width=device-width, initial-scale=1.0"/>
</head>

<body>

<p>
    To activate your profile, please follow this link:
</p>

<p>
    <a href="http://127.0.0.1:8000/user/activate/3Q7mFYSY24rtoTyq5aGD/">http://127.0.0.1:8000/user/activate/3Q7mFYSY24rtoTyq5aGD/</a>
</p>

</body>

</html>

--===============8054921630940444960==--

-------------------------------------------------------------------------------
